{
  message: 'Success in reading all users',
  level: 'info',
  label: 'My label for products app',
  timestamp: '08-04-2025 18:56:5353'
}
{
  message: 'Success in reading all users',
  level: 'warn',
  label: 'My label for products app',
  timestamp: '08-04-2025 18:56:5353'
}
{
  message: 'Success in reading all users',
  level: 'info',
  label: 'My label for products app',
  timestamp: '08-04-2025 18:59:2222'
}
{
  message: 'Success in reading all users',
  level: 'warn',
  label: 'My label for products app',
  timestamp: '08-04-2025 18:59:2222'
}
{
  message: 'Success in reading all users',
  level: 'info',
  label: 'My label for products app',
  timestamp: '08-04-2025 19:05:066'
}
{
  message: 'Success in reading all users',
  level: 'warn',
  label: 'My label for products app',
  timestamp: '08-04-2025 19:05:066'
}
{
  level: 'error',
  message: '',
  label: 'My label for products app',
  timestamp: '08-04-2025 19:05:066'
}
{"label":"My label for products app","level":"info","message":"Success in reading all users","timestamp":"08-04-2025 19:09:1515"}
{"label":"My label for products app","level":"warn","message":"Success in reading all users","timestamp":"08-04-2025 19:09:1515"}
{"label":"My label for products app","level":"info","message":"Success in reading all users","timestamp":"08-04-2025 19:10:066"}
{"label":"My label for products app","level":"warn","message":"Success in reading all users","timestamp":"08-04-2025 19:10:066"}
{"label":"My label for products app","level":"info","message":"Success in reading all users","timestamp":"08-04-2025 19:16:3333"}
{"label":"My label for products app","level":"warn","message":"Success in reading all users","timestamp":"08-04-2025 19:16:3333"}
{"label":"My label for products app","level":"error","message":"","timestamp":"08-04-2025 19:16:3333"}
{"label":"My label for products app","level":"info","message":"Success in reading all users","timestamp":"08-04-2025 20:28:1717"}
{"label":"My label for products app","level":"warn","message":"Success in reading all users","timestamp":"08-04-2025 20:28:1717"}
{"label":"My label for products app","level":"error","message":"","timestamp":"08-04-2025 20:28:1717"}
{"label":"My label for products app","level":"info","message":"Success in reading all users","timestamp":"08-04-2025 20:28:4040"}
{"label":"My label for products app","level":"warn","message":"Success in reading all users","timestamp":"08-04-2025 20:28:4040"}
{"label":"My label for products app","level":"error","message":"","timestamp":"08-04-2025 20:28:4040"}
{"label":"My label for products app","level":"info","message":"Success in reading all users","timestamp":"08-04-2025 20:33:1212"}
{"label":"My label for products app","level":"warn","message":"Success in reading all users","timestamp":"08-04-2025 20:33:1212"}
{"label":"My label for products app","level":"error","message":"","timestamp":"08-04-2025 20:33:1212"}
{"label":"My label for products app","level":"info","message":"Success in reading all users","timestamp":"08-04-2025 20:41:1111"}
{"label":"My label for products app","level":"warn","message":"Success in reading all users","timestamp":"08-04-2025 20:41:1111"}
{"label":"My label for products app","level":"error","message":"","timestamp":"08-04-2025 20:41:1111"}
{"label":"My label for products app","level":"info","message":"Success in reading all users","timestamp":"14-04-2025 19:19:011"}
{"label":"My label for products app","level":"warn","message":"Success in reading all users","timestamp":"14-04-2025 19:19:011"}
{"label":"My label for products app","level":"error","message":"","timestamp":"14-04-2025 19:19:011"}
{"label":"My label for products app","level":"info","message":"Success in reading all users","timestamp":"14-04-2025 19:23:4343"}
{"label":"My label for products app","level":"warn","message":"Success in reading all users","timestamp":"14-04-2025 19:23:4343"}
{"label":"My label for products app","level":"error","message":"","timestamp":"14-04-2025 19:23:4343"}
{"label":"My label for products app","level":"info","message":"Success in reading all users","timestamp":"14-04-2025 19:25:055"}
{"label":"My label for products app","level":"warn","message":"Success in reading all users","timestamp":"14-04-2025 19:25:055"}
{"label":"My label for products app","level":"error","message":"","timestamp":"14-04-2025 19:25:055"}
{"label":"My label for products app","level":"info","message":"Success in reading all users","timestamp":"14-04-2025 19:27:4747"}
{"label":"My label for products app","level":"warn","message":"Success in reading all users","timestamp":"14-04-2025 19:27:4747"}
{"label":"My label for products app","level":"error","message":"","timestamp":"14-04-2025 19:27:4747"}
{"label":"My label for products app","level":"info","message":"Success in reading all users","timestamp":"14-04-2025 19:31:2727"}
{"label":"My label for products app","level":"warn","message":"Success in reading all users","timestamp":"14-04-2025 19:31:2727"}
{"label":"My label for products app","level":"error","message":"","timestamp":"14-04-2025 19:31:2727"}
{"label":"My label for products app","level":"info","message":"Success in reading all users","timestamp":"14-04-2025 19:32:4646"}
{"label":"My label for products app","level":"warn","message":"Success in reading all users","timestamp":"14-04-2025 19:32:4646"}
{"label":"My label for products app","level":"error","message":"","timestamp":"14-04-2025 19:32:4646"}
{"label":"My label for products app","level":"info","message":"Success in reading all users","timestamp":"14-04-2025 19:33:2929"}
{"label":"My label for products app","level":"warn","message":"Success in reading all users","timestamp":"14-04-2025 19:33:2929"}
{"label":"My label for products app","level":"error","message":"","timestamp":"14-04-2025 19:33:2929"}
{"label":"My label for products app","level":"info","message":"Success in reading all users","timestamp":"14-04-2025 19:34:3434"}
{"label":"My label for products app","level":"warn","message":"Success in reading all users","timestamp":"14-04-2025 19:34:3434"}
{"label":"My label for products app","level":"error","message":"","timestamp":"14-04-2025 19:34:3434"}
{"label":"My label for products app","level":"info","message":"Success in reading all users","timestamp":"14-04-2025 20:00:5757"}
{"label":"My label for products app","level":"warn","message":"Success in reading all users","timestamp":"14-04-2025 20:00:5757"}
{"label":"My label for products app","level":"error","message":"","timestamp":"14-04-2025 20:00:5757"}
{"label":"My label for products app","level":"info","message":"Success in reading all users","timestamp":"16-04-2025 14:39:2323"}
{"label":"My label for products app","level":"warn","message":"Success in reading all users","timestamp":"16-04-2025 14:39:2323"}
{"label":"My label for products app","level":"error","message":"","timestamp":"16-04-2025 14:39:2323"}
{"label":"My label for products app","level":"info","message":"Success in reading all users","timestamp":"16-04-2025 14:41:3434"}
{"label":"My label for products app","level":"warn","message":"Success in reading all users","timestamp":"16-04-2025 14:41:3434"}
{"label":"My label for products app","level":"error","message":"","timestamp":"16-04-2025 14:41:3434"}
{"label":"My label for products app","level":"info","message":"Success in reading all users","timestamp":"16-04-2025 14:50:033"}
{"label":"My label for products app","level":"warn","message":"Success in reading all users","timestamp":"16-04-2025 14:50:033"}
{"label":"My label for products app","level":"error","message":"","timestamp":"16-04-2025 14:50:033"}
{"label":"My label for products app","level":"info","message":"Success in reading all users","timestamp":"16-04-2025 14:51:3131"}
{"label":"My label for products app","level":"warn","message":"Success in reading all users","timestamp":"16-04-2025 14:51:3131"}
{"label":"My label for products app","level":"error","message":"","timestamp":"16-04-2025 14:51:3131"}
{"label":"My label for products app","level":"info","message":"Success in reading all users","timestamp":"16-04-2025 14:59:1414"}
{"label":"My label for products app","level":"warn","message":"Success in reading all users","timestamp":"16-04-2025 14:59:1414"}
{"label":"My label for products app","level":"error","message":"","timestamp":"16-04-2025 14:59:1414"}
{"label":"My label for products app","level":"info","message":"Success in reading all users","timestamp":"16-04-2025 15:00:1616"}
{"label":"My label for products app","level":"warn","message":"Success in reading all users","timestamp":"16-04-2025 15:00:1616"}
{"label":"My label for products app","level":"error","message":"","timestamp":"16-04-2025 15:00:1616"}
