{
  message: 'Success in reading all users',
  level: 'info',
  label: 'My label for products app',
  timestamp: '08-04-2025 18:56:5353'
}
{
  message: 'Success in reading all users',
  level: 'warn',
  label: 'My label for products app',
  timestamp: '08-04-2025 18:56:5353'
}
{
  message: 'Success in reading all users',
  level: 'info',
  label: 'My label for products app',
  timestamp: '08-04-2025 18:59:2222'
}
{
  message: 'Success in reading all users',
  level: 'warn',
  label: 'My label for products app',
  timestamp: '08-04-2025 18:59:2222'
}
{
  message: 'Success in reading all users',
  level: 'info',
  label: 'My label for products app',
  timestamp: '08-04-2025 19:05:066'
}
{
  message: 'Success in reading all users',
  level: 'warn',
  label: 'My label for products app',
  timestamp: '08-04-2025 19:05:066'
}
{
  level: 'error',
  message: '',
  label: 'My label for products app',
  timestamp: '08-04-2025 19:05:066'
}
