{
  message: 'Success in reading all users',
  level: 'warn',
  label: 'My label for products app',
  timestamp: '08-04-2025 18:59:2222'
}
{
  message: 'Success in reading all users',
  level: 'warn',
  label: 'My label for products app',
  timestamp: '08-04-2025 19:05:066'
}
{
  level: 'error',
  message: '',
  label: 'My label for products app',
  timestamp: '08-04-2025 19:05:066'
}
{"label":"My label for products app","level":"warn","message":"Success in reading all users","timestamp":"08-04-2025 19:09:1515"}
{"label":"My label for products app","level":"warn","message":"Success in reading all users","timestamp":"08-04-2025 19:10:066"}
